<?xml version="1.0" encoding="UTF-8"?>
<testsuite xmlns:xsi="http://www.w3.org/2001/XMLSchema-instance" xsi:noNamespaceSchemaLocation="https://maven.apache.org/surefire/maven-surefire-plugin/xsd/surefire-test-report-3.0.xsd" version="3.0" name="giganciprogramowaniatest.runners.RunCucumberTest" time="30.904" tests="1" errors="0" skipped="0" failures="1">
  <properties>
[...]
</properties>
  <testcase name="Verify correct first step from submission with correct data" classname="Registration Form" time="30.63">
    <failure type="java.lang.AssertionError"><![CDATA[java.lang.AssertionError
	at giganciprogramowaniatest.steps.registration.RegistrationSteps.moves_to_fifth_registration_page(RegistrationSteps.java:172)
	at ✽.I am at Sign Agreement step(file:///C:/git%20repos/GiganciProgramowaniaZadanie/giganci-programowania-test/src/test/resources/features/register.feature:63)
]]></failure>
    <system-out><![CDATA[
Scenario: Verify correct first step from submission with correct data                                   &amp#27;[90m# src/test/resources/features/register.feature:43&amp#27;[0m
  &amp#27;[32mGiven &amp#27;[0m&amp#27;[32mI am on the first step of the Registration Form&amp#27;[0m                                                 &amp#27;[90m# giganciprogramowaniatest.steps.registration.RegistrationSteps.i_am_on_the_first_registration_form()&amp#27;[0m
  &amp#27;[32mThen &amp#27;[0m&amp#27;[32mI fill imie opiekuna input with &amp#27;[0m&amp#27;[32m&amp#27;[1m'Artur'&amp#27;[0m                                                          &amp#27;[90m# giganciprogramowaniatest.steps.registration.RegistrationSteps.input_parent_name(java.lang.String)&amp#27;[0m
  &amp#27;[32mThen &amp#27;[0m&amp#27;[32mI fill email input with &amp#27;[0m&amp#27;[32m&amp#27;[1m'karolgiganci+fakedata80696@gmail.com'&amp#27;[0m                                   &amp#27;[90m# giganciprogramowaniatest.steps.registration.RegistrationSteps.input_email(java.lang.String)&amp#27;[0m
  &amp#27;[32mThen &amp#27;[0m&amp#27;[32mI fill phone number input with &amp#27;[0m&amp#27;[32m&amp#27;[1m'123456651'&amp#27;[0m                                                       &amp#27;[90m# giganciprogramowaniatest.steps.registration.RegistrationSteps.input_phone_number(java.lang.String)&amp#27;[0m
  &amp#27;[32mThen &amp#27;[0m&amp#27;[32mI fill year of birth input with &amp#27;[0m&amp#27;[32m&amp#27;[1m'2005'&amp#27;[0m                                                           &amp#27;[90m# giganciprogramowaniatest.steps.registration.RegistrationSteps.input_birth_year(java.lang.String)&amp#27;[0m
  &amp#27;[32mThen &amp#27;[0m&amp#27;[32mI click Statute Agreement checkbox&amp#27;[0m                                                               &amp#27;[90m# giganciprogramowaniatest.steps.registration.RegistrationSteps.click_statue_agreed_checkbox()&amp#27;[0m
  &amp#27;[32mThen &amp#27;[0m&amp#27;[32mI click Advertisement Agreement checkbox&amp#27;[0m                                                         &amp#27;[90m# giganciprogramowaniatest.steps.registration.RegistrationSteps.click_advertisment_agreed_checkbox()&amp#27;[0m
  &amp#27;[32mThen &amp#27;[0m&amp#27;[32mI submit the form by clicking 'Dalej' button once.&amp#27;[0m                                               &amp#27;[90m# giganciprogramowaniatest.steps.registration.RegistrationSteps.i_click_dalej_button()&amp#27;[0m
  &amp#27;[32mAnd &amp#27;[0m&amp#27;[32mCustomer moves to second step of registration form&amp#27;[0m                                                &amp#27;[90m# giganciprogramowaniatest.steps.registration.RegistrationSteps.moves_to_second_registration_page()&amp#27;[0m
  &amp#27;[32mThen &amp#27;[0m&amp#27;[32mI click on tile with the name of 'PROGRAMOWANIE'&amp#27;[0m                                                 &amp#27;[90m# giganciprogramowaniatest.steps.registration.RegistrationSteps.click_on_programowanie()&amp#27;[0m
  &amp#27;[32mAnd &amp#27;[0m&amp#27;[32mI click on tile called 'Online'&amp#27;[0m                                                                   &amp#27;[90m# giganciprogramowaniatest.steps.registration.RegistrationSteps.click_on_online()&amp#27;[0m
  &amp#27;[32mAnd &amp#27;[0m&amp#27;[32mI select button with the name of 'Roczne kursy z programowania'&amp#27;[0m                                   &amp#27;[90m# giganciprogramowaniatest.steps.registration.RegistrationSteps.click_on_roczne_kursy_z_programowania()&amp#27;[0m
  &amp#27;[32mThen &amp#27;[0m&amp#27;[32mI find course &amp#27;[0m&amp#27;[32m&amp#27;[1m'Pierwsze kroki w programowaniu(kurs z elementami AI) ONLINE'&amp#27;[0m&amp#27;[32m and click on Wybierz&amp#27;[0m &amp#27;[90m# giganciprogramowaniatest.steps.registration.RegistrationSteps.click_on_wybierz_pierwsze_kroki_w_programowaniu(java.lang.String)&amp#27;[0m
  &amp#27;[32mAnd &amp#27;[0m&amp#27;[32mFrom the list of dates I select any that does not contain text 'Zapisy na listÄ™ rezerwowÄ…'.&amp#27;[0m       &amp#27;[90m# giganciprogramowaniatest.steps.registration.RegistrationSteps.select_course_date()&amp#27;[0m
  &amp#27;[32mThen &amp#27;[0m&amp#27;[32mI fill imie ucznia input with &amp#27;[0m&amp#27;[32m&amp#27;[1m'Maciej'&amp#27;[0m                                                           &amp#27;[90m# giganciprogramowaniatest.steps.registration.RegistrationSteps.fill_in_student_first_name(java.lang.String)&amp#27;[0m
  &amp#27;[32mThen &amp#27;[0m&amp#27;[32mI fill nazwisko ucznia input with &amp#27;[0m&amp#27;[32m&amp#27;[1m'Testowy'&amp#27;[0m                                                      &amp#27;[90m# giganciprogramowaniatest.steps.registration.RegistrationSteps.fill_in_student_last_name(java.lang.String)&amp#27;[0m
  &amp#27;[32mThen &amp#27;[0m&amp#27;[32mI fill nazwisko opiekuna input with &amp#27;[0m&amp#27;[32m&amp#27;[1m'Testowy'&amp#27;[0m                                                    &amp#27;[90m# giganciprogramowaniatest.steps.registration.RegistrationSteps.fill_in_parent_last_name(java.lang.String)&amp#27;[0m
  &amp#27;[32mThen &amp#27;[0m&amp#27;[32mI fill kod pocztowy input with &amp#27;[0m&amp#27;[32m&amp#27;[1m'26-900'&amp#27;[0m                                                          &amp#27;[90m# giganciprogramowaniatest.steps.registration.RegistrationSteps.fill_in_zip_code(java.lang.String)&amp#27;[0m
  &amp#27;[32mAnd &amp#27;[0m&amp#27;[32mI click Zapisz Dziecko button to submit the form&amp#27;[0m                                                  &amp#27;[90m# giganciprogramowaniatest.steps.registration.RegistrationSteps.click_zapisz_dziecko_submit_button()&amp#27;[0m
  &amp#27;[31mThen &amp#27;[0m&amp#27;[31mI am at Sign Agreement step&amp#27;[0m                                                                      &amp#27;[90m# giganciprogramowaniatest.steps.registration.RegistrationSteps.moves_to_fifth_registration_page()&amp#27;[0m
      &amp#27;[31mjava.lang.AssertionError
	at org.junit.Assert.fail(Assert.java:87)
	at org.junit.Assert.assertTrue(Assert.java:42)
	at org.junit.Assert.assertTrue(Assert.java:53)
	at giganciprogramowaniatest.steps.registration.RegistrationSteps.moves_to_fifth_registration_page(RegistrationSteps.java:172)
	at âœ½.I am at Sign Agreement step(file:///C:/git%20repos/GiganciProgramowaniaZadanie/giganci-programowania-test/src/test/resources/features/register.feature:63)
&amp#27;[0m
  &amp#27;[36mAnd &amp#27;[0m&amp#27;[36mIn the navigation all steps up to agreement are completed&amp#27;[0m                                         &amp#27;[90m# giganciprogramowaniatest.steps.registration.RegistrationSteps.is_steps_up_to_fifth_completed()&amp#27;[0m
]]></system-out>
    <system-err><![CDATA[Jan 13, 2025 3:57:59 PM org.openqa.selenium.devtools.CdpVersionFinder findNearestMatch
WARNING: Unable to find CDP implementation matching 131
Jan 13, 2025 3:57:59 PM org.openqa.selenium.chromium.ChromiumDriver lambda$new$5
WARNING: Unable to find version of CDP to use for 131.0.6778.265. You may need to include a dependency on a specific version of the CDP using something similar to `org.seleniumhq.selenium:selenium-devtools-v86:4.21.0` where the version ("v86") matches the version of the chromium-based browser you're using and the version number of the artifact is the same as Selenium's.
]]></system-err>
  </testcase>
</testsuite>